2020-07-20 20:22:47,756 [INFO] Using hosts file to resolve HITS ./config/hosts
2020-07-20 20:22:47,757 [INFO] Importing hosts file
2020-07-20 20:22:47,757 [INFO] 2001:2002:8144:7565:f501:74df:396a:dc5c 192.168.0.101

2020-07-20 20:22:47,757 [INFO] Initializing HIP socket
2020-07-20 20:22:47,757 [INFO] Initializing IPSec socket
2020-07-20 20:22:47,757 [DEBUG] Type: 2, Value: dmitriy.kuptsov@strangebit.com
2020-07-20 20:22:47,757 [INFO] Loading public key and constructing HIT
2020-07-20 20:22:47,761 [DEBUG] EccKey(curve='NIST P-384', point_x=20487591989214181087839055915019804149878224647164490982445333185887499406800744011895169642564145528030261864936538, point_y=26724745068177583363958469591140372476257469761799995330596751289537284613612955080892240673580875204735934793545842)
2020-07-20 20:22:47,762 [DEBUG] [0, 2, 133, 28, 78, 100, 15, 13, 50, 162, 71, 146, 45, 119, 45, 137, 202, 15, 36, 178, 119, 26, 220, 138, 245, 52, 79, 77, 85, 143, 69, 121, 84, 37, 54, 181, 177, 93, 170, 213, 72, 38, 34, 236, 150, 112, 175, 65, 180, 90, 173, 162, 89, 31, 156, 24, 224, 29, 198, 215, 36, 28, 148, 222, 249, 252, 161, 121, 163, 100, 215, 146, 252, 216, 235, 110, 193, 103, 58, 189, 104, 59, 94, 90, 3, 231, 150, 38, 154, 16, 49, 86, 142, 109, 192, 108, 120, 114]
2020-07-20 20:22:47,762 [DEBUG] Responder's OGA ID 2
2020-07-20 20:22:47,762 [DEBUG] [0, 2, 133, 28, 78, 100, 15, 13, 50, 162, 71, 146, 45, 119, 45, 137, 202, 15, 36, 178, 119, 26, 220, 138, 245, 52, 79, 77, 85, 143, 69, 121, 84, 37, 54, 181, 177, 93, 170, 213, 72, 38, 34, 236, 150, 112, 175, 65, 180, 90, 173, 162, 89, 31, 156, 24, 224, 29, 198, 215, 36, 28, 148, 222, 249, 252, 161, 121, 163, 100, 215, 146, 252, 216, 235, 110, 193, 103, 58, 189, 104, 59, 94, 90, 3, 231, 150, 38, 154, 16, 49, 86, 142, 109, 192, 108, 120, 114]
2020-07-20 20:22:47,762 [DEBUG] [32, 1, 32, 2, 48, 50, 36, 157, 197, 234, 206, 129, 102, 127, 148, 156]
2020-07-20 20:22:47,762 [DEBUG] Configuring TUN interface
2020-07-20 20:22:47,763 [INFO] Configuring TUN device
2020-07-20 20:22:47,763 [DEBUG] Opening /dev/net/tun...
2020-07-20 20:22:47,763 [DEBUG] Opening TUN tunnel 'hip0'...
2020-07-20 20:22:47,770 [INFO] Tunnel 'b'hip0'' opened.
2020-07-20 20:22:47,801 [INFO] Configuring IPv6 routes
2020-07-20 20:22:47,819 [DEBUG] Configuring state machine and storage
2020-07-20 20:22:47,820 [INFO] Starting the CuteHIP
2020-07-20 20:22:47,820 [INFO] Starting the HIP loop
2020-07-20 20:22:47,820 [INFO] Starting the IPSec loop
2020-07-20 20:22:47,821 [INFO] Starting the TUN interface loop
2020-07-20 20:22:47,950 [INFO] Got packet on TUN interface 76 bytes
2020-07-20 20:22:47,951 [INFO] Source fe80:0000:0000:0000:fbf4:089f:295e:345f 
2020-07-20 20:22:47,951 [INFO] Destination ff02:0000:0000:0000:0000:0000:0000:0016 
2020-07-20 20:22:47,951 [INFO] Version 6 
2020-07-20 20:22:47,951 [INFO] Traffic class 0 
2020-07-20 20:22:47,952 [INFO] Flow label 0 
2020-07-20 20:22:47,952 [INFO] Packet length 36 
2020-07-20 20:22:47,952 [INFO] Next header 0 
2020-07-20 20:22:47,952 [INFO] Hop limit 1
2020-07-20 20:22:47,953 [DEBUG] Unassociate state reached
2020-07-20 20:22:47,953 [DEBUG] Starting HIP BEX 1595258567.953534
2020-07-20 20:22:47,953 [INFO] Resolving ff02:0000:0000:0000:0000:0000:0000:0016 to IPv4 address
2020-07-20 20:22:47,954 [CRITICAL] Cannot resolve HIT to IPv4 address
2020-07-20 20:22:47,954 [INFO] Got packet on TUN interface 48 bytes
2020-07-20 20:22:47,954 [INFO] Source fe80:0000:0000:0000:fbf4:089f:295e:345f 
2020-07-20 20:22:47,954 [INFO] Destination ff02:0000:0000:0000:0000:0000:0000:0002 
2020-07-20 20:22:47,955 [INFO] Version 6 
2020-07-20 20:22:47,955 [INFO] Traffic class 0 
2020-07-20 20:22:47,957 [INFO] Flow label 0 
2020-07-20 20:22:47,957 [INFO] Packet length 8 
2020-07-20 20:22:47,957 [INFO] Next header 58 
2020-07-20 20:22:47,958 [INFO] Hop limit 255
2020-07-20 20:22:47,959 [DEBUG] Unassociate state reached
2020-07-20 20:22:47,960 [DEBUG] Starting HIP BEX 1595258567.960060
2020-07-20 20:22:47,960 [INFO] Resolving ff02:0000:0000:0000:0000:0000:0000:0002 to IPv4 address
2020-07-20 20:22:47,961 [CRITICAL] Cannot resolve HIT to IPv4 address
2020-07-20 20:22:47,966 [INFO] Got packet on TUN interface 76 bytes
2020-07-20 20:22:47,968 [INFO] Source fe80:0000:0000:0000:fbf4:089f:295e:345f 
2020-07-20 20:22:47,968 [INFO] Destination ff02:0000:0000:0000:0000:0000:0000:0016 
2020-07-20 20:22:47,968 [INFO] Version 6 
2020-07-20 20:22:47,969 [INFO] Traffic class 0 
2020-07-20 20:22:47,969 [INFO] Flow label 0 
2020-07-20 20:22:47,971 [INFO] Packet length 36 
2020-07-20 20:22:47,971 [INFO] Next header 0 
2020-07-20 20:22:47,973 [INFO] Hop limit 1
2020-07-20 20:22:47,973 [DEBUG] Unassociate state reached
2020-07-20 20:22:47,973 [DEBUG] Starting HIP BEX 1595258567.973816
2020-07-20 20:22:47,973 [INFO] Resolving ff02:0000:0000:0000:0000:0000:0000:0016 to IPv4 address
2020-07-20 20:22:47,974 [CRITICAL] Cannot resolve HIT to IPv4 address
2020-07-20 20:22:47,997 [INFO] Got packet on TUN interface 96 bytes
2020-07-20 20:22:47,998 [INFO] Source fe80:0000:0000:0000:fbf4:089f:295e:345f 
2020-07-20 20:22:47,998 [INFO] Destination ff02:0000:0000:0000:0000:0000:0000:0016 
2020-07-20 20:22:47,998 [INFO] Version 6 
2020-07-20 20:22:47,998 [INFO] Traffic class 0 
2020-07-20 20:22:47,998 [INFO] Flow label 0 
2020-07-20 20:22:47,998 [INFO] Packet length 56 
2020-07-20 20:22:47,999 [INFO] Next header 0 
2020-07-20 20:22:47,999 [INFO] Hop limit 1
2020-07-20 20:22:47,999 [DEBUG] Unassociate state reached
2020-07-20 20:22:47,999 [DEBUG] Starting HIP BEX 1595258567.999445
2020-07-20 20:22:47,999 [INFO] Resolving ff02:0000:0000:0000:0000:0000:0000:0016 to IPv4 address
2020-07-20 20:22:47,999 [CRITICAL] Cannot resolve HIT to IPv4 address
2020-07-20 20:22:48,213 [INFO] Got packet on TUN interface 96 bytes
2020-07-20 20:22:48,214 [INFO] Source fe80:0000:0000:0000:fbf4:089f:295e:345f 
2020-07-20 20:22:48,214 [INFO] Destination ff02:0000:0000:0000:0000:0000:0000:0016 
2020-07-20 20:22:48,214 [INFO] Version 6 
2020-07-20 20:22:48,214 [INFO] Traffic class 0 
2020-07-20 20:22:48,214 [INFO] Flow label 0 
2020-07-20 20:22:48,214 [INFO] Packet length 56 
2020-07-20 20:22:48,214 [INFO] Next header 0 
2020-07-20 20:22:48,214 [INFO] Hop limit 1
2020-07-20 20:22:48,215 [DEBUG] Unassociate state reached
2020-07-20 20:22:48,215 [DEBUG] Starting HIP BEX 1595258568.215152
2020-07-20 20:22:48,215 [INFO] Resolving ff02:0000:0000:0000:0000:0000:0000:0016 to IPv4 address
2020-07-20 20:22:48,215 [CRITICAL] Cannot resolve HIT to IPv4 address
2020-07-20 20:22:48,757 [INFO] Got packet on TUN interface 76 bytes
2020-07-20 20:22:48,758 [INFO] Source fe80:0000:0000:0000:fbf4:089f:295e:345f 
2020-07-20 20:22:48,758 [INFO] Destination ff02:0000:0000:0000:0000:0000:0000:0016 
2020-07-20 20:22:48,758 [INFO] Version 6 
2020-07-20 20:22:48,758 [INFO] Traffic class 0 
2020-07-20 20:22:48,759 [INFO] Flow label 0 
2020-07-20 20:22:48,759 [INFO] Packet length 36 
2020-07-20 20:22:48,759 [INFO] Next header 0 
2020-07-20 20:22:48,759 [INFO] Hop limit 1
2020-07-20 20:22:48,759 [DEBUG] Unassociate state reached
2020-07-20 20:22:48,760 [DEBUG] Starting HIP BEX 1595258568.760247
2020-07-20 20:22:48,760 [INFO] Resolving ff02:0000:0000:0000:0000:0000:0000:0016 to IPv4 address
2020-07-20 20:22:48,760 [CRITICAL] Cannot resolve HIT to IPv4 address
2020-07-20 20:22:52,089 [INFO] Got packet on TUN interface 48 bytes
2020-07-20 20:22:52,090 [INFO] Source fe80:0000:0000:0000:fbf4:089f:295e:345f 
2020-07-20 20:22:52,090 [INFO] Destination ff02:0000:0000:0000:0000:0000:0000:0002 
2020-07-20 20:22:52,090 [INFO] Version 6 
2020-07-20 20:22:52,090 [INFO] Traffic class 0 
2020-07-20 20:22:52,090 [INFO] Flow label 0 
2020-07-20 20:22:52,090 [INFO] Packet length 8 
2020-07-20 20:22:52,091 [INFO] Next header 58 
2020-07-20 20:22:52,091 [INFO] Hop limit 255
2020-07-20 20:22:52,091 [DEBUG] Unassociate state reached
2020-07-20 20:22:52,091 [DEBUG] Starting HIP BEX 1595258572.091628
2020-07-20 20:22:52,091 [INFO] Resolving ff02:0000:0000:0000:0000:0000:0000:0002 to IPv4 address
2020-07-20 20:22:52,091 [CRITICAL] Cannot resolve HIT to IPv4 address
2020-07-20 20:23:00,277 [INFO] Got packet on TUN interface 48 bytes
2020-07-20 20:23:00,278 [INFO] Source fe80:0000:0000:0000:fbf4:089f:295e:345f 
2020-07-20 20:23:00,278 [INFO] Destination ff02:0000:0000:0000:0000:0000:0000:0002 
2020-07-20 20:23:00,279 [INFO] Version 6 
2020-07-20 20:23:00,279 [INFO] Traffic class 0 
2020-07-20 20:23:00,279 [INFO] Flow label 0 
2020-07-20 20:23:00,279 [INFO] Packet length 8 
2020-07-20 20:23:00,280 [INFO] Next header 58 
2020-07-20 20:23:00,280 [INFO] Hop limit 255
2020-07-20 20:23:00,280 [DEBUG] Unassociate state reached
2020-07-20 20:23:00,280 [DEBUG] Starting HIP BEX 1595258580.280911
2020-07-20 20:23:00,281 [INFO] Resolving ff02:0000:0000:0000:0000:0000:0000:0002 to IPv4 address
2020-07-20 20:23:00,281 [CRITICAL] Cannot resolve HIT to IPv4 address
2020-07-20 20:23:15,731 [INFO] Got packet on TUN interface 104 bytes
2020-07-20 20:23:15,732 [INFO] Source 2001:2002:3032:249d:c5ea:ce81:667f:949c 
2020-07-20 20:23:15,732 [INFO] Destination 2001:2001:eebc:d2cf:7a8f:6747:6856:ee81 
2020-07-20 20:23:15,732 [INFO] Version 6 
2020-07-20 20:23:15,732 [INFO] Traffic class 0 
2020-07-20 20:23:15,732 [INFO] Flow label 442290 
2020-07-20 20:23:15,732 [INFO] Packet length 64 
2020-07-20 20:23:15,732 [INFO] Next header 58 
2020-07-20 20:23:15,733 [INFO] Hop limit 64
2020-07-20 20:23:15,733 [DEBUG] Unassociate state reached
2020-07-20 20:23:15,733 [DEBUG] Starting HIP BEX 1595258595.733327
2020-07-20 20:23:15,733 [INFO] Resolving 2001:2001:eebc:d2cf:7a8f:6747:6856:ee81 to IPv4 address
2020-07-20 20:23:15,733 [CRITICAL] Cannot resolve HIT to IPv4 address
2020-07-20 20:23:16,757 [INFO] Got packet on TUN interface 104 bytes
2020-07-20 20:23:16,758 [INFO] Source 2001:2002:3032:249d:c5ea:ce81:667f:949c 
2020-07-20 20:23:16,758 [INFO] Destination 2001:2001:eebc:d2cf:7a8f:6747:6856:ee81 
2020-07-20 20:23:16,758 [INFO] Version 6 
2020-07-20 20:23:16,758 [INFO] Traffic class 0 
2020-07-20 20:23:16,759 [INFO] Flow label 442290 
2020-07-20 20:23:16,759 [INFO] Packet length 64 
2020-07-20 20:23:16,759 [INFO] Next header 58 
2020-07-20 20:23:16,759 [INFO] Hop limit 64
2020-07-20 20:23:16,759 [DEBUG] Unassociate state reached
2020-07-20 20:23:16,760 [DEBUG] Starting HIP BEX 1595258596.760094
2020-07-20 20:23:16,760 [INFO] Resolving 2001:2001:eebc:d2cf:7a8f:6747:6856:ee81 to IPv4 address
2020-07-20 20:23:16,760 [CRITICAL] Cannot resolve HIT to IPv4 address
2020-07-20 20:23:17,781 [INFO] Got packet on TUN interface 104 bytes
2020-07-20 20:23:17,782 [INFO] Source 2001:2002:3032:249d:c5ea:ce81:667f:949c 
2020-07-20 20:23:17,782 [INFO] Destination 2001:2001:eebc:d2cf:7a8f:6747:6856:ee81 
2020-07-20 20:23:17,782 [INFO] Version 6 
2020-07-20 20:23:17,782 [INFO] Traffic class 0 
2020-07-20 20:23:17,783 [INFO] Flow label 442290 
2020-07-20 20:23:17,783 [INFO] Packet length 64 
2020-07-20 20:23:17,783 [INFO] Next header 58 
2020-07-20 20:23:17,783 [INFO] Hop limit 64
2020-07-20 20:23:17,783 [DEBUG] Unassociate state reached
2020-07-20 20:23:17,784 [DEBUG] Starting HIP BEX 1595258597.784007
2020-07-20 20:23:17,784 [INFO] Resolving 2001:2001:eebc:d2cf:7a8f:6747:6856:ee81 to IPv4 address
2020-07-20 20:23:17,784 [CRITICAL] Cannot resolve HIT to IPv4 address
2020-07-20 20:23:18,453 [INFO] Got packet on TUN interface 48 bytes
2020-07-20 20:23:18,454 [INFO] Source fe80:0000:0000:0000:fbf4:089f:295e:345f 
2020-07-20 20:23:18,454 [INFO] Destination ff02:0000:0000:0000:0000:0000:0000:0002 
2020-07-20 20:23:18,454 [INFO] Version 6 
2020-07-20 20:23:18,455 [INFO] Traffic class 0 
2020-07-20 20:23:18,455 [INFO] Flow label 0 
2020-07-20 20:23:18,455 [INFO] Packet length 8 
2020-07-20 20:23:18,455 [INFO] Next header 58 
2020-07-20 20:23:18,455 [INFO] Hop limit 255
2020-07-20 20:23:18,456 [DEBUG] Unassociate state reached
2020-07-20 20:23:18,456 [DEBUG] Starting HIP BEX 1595258598.456325
2020-07-20 20:23:18,456 [INFO] Resolving ff02:0000:0000:0000:0000:0000:0000:0002 to IPv4 address
2020-07-20 20:23:18,456 [CRITICAL] Cannot resolve HIT to IPv4 address
2020-07-20 20:23:18,805 [INFO] Got packet on TUN interface 104 bytes
2020-07-20 20:23:18,806 [INFO] Source 2001:2002:3032:249d:c5ea:ce81:667f:949c 
2020-07-20 20:23:18,806 [INFO] Destination 2001:2001:eebc:d2cf:7a8f:6747:6856:ee81 
2020-07-20 20:23:18,807 [INFO] Version 6 
2020-07-20 20:23:18,807 [INFO] Traffic class 0 
2020-07-20 20:23:18,807 [INFO] Flow label 442290 
2020-07-20 20:23:18,807 [INFO] Packet length 64 
2020-07-20 20:23:18,807 [INFO] Next header 58 
2020-07-20 20:23:18,808 [INFO] Hop limit 64
2020-07-20 20:23:18,808 [DEBUG] Unassociate state reached
2020-07-20 20:23:18,809 [DEBUG] Starting HIP BEX 1595258598.808571
2020-07-20 20:23:18,809 [INFO] Resolving 2001:2001:eebc:d2cf:7a8f:6747:6856:ee81 to IPv4 address
2020-07-20 20:23:18,809 [CRITICAL] Cannot resolve HIT to IPv4 address
2020-07-20 20:23:19,829 [INFO] Got packet on TUN interface 104 bytes
2020-07-20 20:23:19,830 [INFO] Source 2001:2002:3032:249d:c5ea:ce81:667f:949c 
2020-07-20 20:23:19,830 [INFO] Destination 2001:2001:eebc:d2cf:7a8f:6747:6856:ee81 
2020-07-20 20:23:19,830 [INFO] Version 6 
2020-07-20 20:23:19,830 [INFO] Traffic class 0 
2020-07-20 20:23:19,830 [INFO] Flow label 442290 
2020-07-20 20:23:19,830 [INFO] Packet length 64 
2020-07-20 20:23:19,830 [INFO] Next header 58 
2020-07-20 20:23:19,830 [INFO] Hop limit 64
2020-07-20 20:23:19,830 [DEBUG] Unassociate state reached
2020-07-20 20:23:19,830 [DEBUG] Starting HIP BEX 1595258599.830826
2020-07-20 20:23:19,830 [INFO] Resolving 2001:2001:eebc:d2cf:7a8f:6747:6856:ee81 to IPv4 address
2020-07-20 20:23:19,831 [CRITICAL] Cannot resolve HIT to IPv4 address
2020-07-20 20:23:20,853 [INFO] Got packet on TUN interface 104 bytes
2020-07-20 20:23:20,854 [INFO] Source 2001:2002:3032:249d:c5ea:ce81:667f:949c 
2020-07-20 20:23:20,854 [INFO] Destination 2001:2001:eebc:d2cf:7a8f:6747:6856:ee81 
2020-07-20 20:23:20,854 [INFO] Version 6 
2020-07-20 20:23:20,854 [INFO] Traffic class 0 
2020-07-20 20:23:20,854 [INFO] Flow label 442290 
2020-07-20 20:23:20,855 [INFO] Packet length 64 
2020-07-20 20:23:20,855 [INFO] Next header 58 
2020-07-20 20:23:20,855 [INFO] Hop limit 64
2020-07-20 20:23:20,855 [DEBUG] Unassociate state reached
2020-07-20 20:23:20,855 [DEBUG] Starting HIP BEX 1595258600.855792
2020-07-20 20:23:20,856 [INFO] Resolving 2001:2001:eebc:d2cf:7a8f:6747:6856:ee81 to IPv4 address
2020-07-20 20:23:20,856 [CRITICAL] Cannot resolve HIT to IPv4 address
2020-07-20 20:23:33,674 [INFO] Got packet on TUN interface 104 bytes
2020-07-20 20:23:33,675 [INFO] Source 2001:2002:3032:249d:c5ea:ce81:667f:949c 
2020-07-20 20:23:33,675 [INFO] Destination 2001:2002:8144:7565:f501:74df:396a:dc5c 
2020-07-20 20:23:33,676 [INFO] Version 6 
2020-07-20 20:23:33,676 [INFO] Traffic class 0 
2020-07-20 20:23:33,676 [INFO] Flow label 485092 
2020-07-20 20:23:33,676 [INFO] Packet length 64 
2020-07-20 20:23:33,676 [INFO] Next header 58 
2020-07-20 20:23:33,677 [INFO] Hop limit 64
2020-07-20 20:23:33,677 [DEBUG] Unassociate state reached
2020-07-20 20:23:33,677 [DEBUG] Starting HIP BEX 1595258613.677698
2020-07-20 20:23:33,677 [INFO] Resolving 2001:2002:8144:7565:f501:74df:396a:dc5c to IPv4 address
2020-07-20 20:23:33,680 [DEBUG] Sending I1 packet to 192.168.0.101
 0.000294
2020-07-20 20:23:34,677 [INFO] Got packet on TUN interface 104 bytes
2020-07-20 20:23:34,678 [INFO] Source 2001:2002:3032:249d:c5ea:ce81:667f:949c 
2020-07-20 20:23:34,678 [INFO] Destination 2001:2002:8144:7565:f501:74df:396a:dc5c 
2020-07-20 20:23:34,678 [INFO] Version 6 
2020-07-20 20:23:34,678 [INFO] Traffic class 0 
2020-07-20 20:23:34,678 [INFO] Flow label 485092 
2020-07-20 20:23:34,678 [INFO] Packet length 64 
2020-07-20 20:23:34,678 [INFO] Next header 58 
2020-07-20 20:23:34,678 [INFO] Hop limit 64
2020-07-20 20:23:34,678 [DEBUG] Unknown state reached....
2020-07-20 20:23:35,701 [INFO] Got packet on TUN interface 104 bytes
2020-07-20 20:23:35,702 [INFO] Source 2001:2002:3032:249d:c5ea:ce81:667f:949c 
2020-07-20 20:23:35,702 [INFO] Destination 2001:2002:8144:7565:f501:74df:396a:dc5c 
2020-07-20 20:23:35,702 [INFO] Version 6 
2020-07-20 20:23:35,702 [INFO] Traffic class 0 
2020-07-20 20:23:35,702 [INFO] Flow label 485092 
2020-07-20 20:23:35,702 [INFO] Packet length 64 
2020-07-20 20:23:35,702 [INFO] Next header 58 
2020-07-20 20:23:35,702 [INFO] Hop limit 64
2020-07-20 20:23:35,702 [DEBUG] Unknown state reached....
2020-07-20 20:23:36,114 [INFO] Got HIP packet
2020-07-20 20:23:36,115 [INFO] Responder's HIT 2001:2002:3032:249d:c5ea:ce81:667f:949c
2020-07-20 20:23:36,115 [INFO] Our own HIT 2001:2002:3032:249d:c5ea:ce81:667f:949c 
2020-07-20 20:23:36,115 [INFO] R1 packet
2020-07-20 20:23:36,116 [DEBUG] <crypto.digest.SHA384Digest object at 0x7f731f068438>
2020-07-20 20:23:36,116 [DEBUG] Puzzle parameter
2020-07-20 20:23:36,116 [DEBUG] DH parameter
2020-07-20 20:23:36,116 [DEBUG] Ciphers
2020-07-20 20:23:36,116 [DEBUG] DI type: 2 
2020-07-20 20:23:36,116 [DEBUG] DI value: bytearray(b'dmitriy.kuptsov@strangebit.com') 
2020-07-20 20:23:36,117 [DEBUG] Host ID
2020-07-20 20:23:36,117 [DEBUG] .......HI is of ECDSAHostID type......
2020-07-20 20:23:36,117 [DEBUG] [0, 2, 241, 133, 58, 115, 189, 40, 114, 252, 134, 92, 183, 225, 57, 238, 21, 79, 131, 117, 215, 106, 7, 146, 210, 220, 47, 20, 2, 123, 84, 145, 22, 161, 84, 82, 159, 99, 46, 144, 76, 182, 105, 216, 191, 154, 110, 204, 11, 201, 83, 27, 238, 16, 12, 233, 199, 168, 80, 192, 208, 194, 104, 52, 253, 216, 51, 189, 58, 134, 226, 45, 125, 138, 66, 10, 235, 37, 18, 173, 14, 159, 217, 51, 96, 82, 162, 170, 227, 116, 171, 184, 89, 152, 47, 108, 52, 65]
2020-07-20 20:23:36,118 [DEBUG] Responder's OGA ID 2
2020-07-20 20:23:36,118 [DEBUG] [0, 2, 241, 133, 58, 115, 189, 40, 114, 252, 134, 92, 183, 225, 57, 238, 21, 79, 131, 117, 215, 106, 7, 146, 210, 220, 47, 20, 2, 123, 84, 145, 22, 161, 84, 82, 159, 99, 46, 144, 76, 182, 105, 216, 191, 154, 110, 204, 11, 201, 83, 27, 238, 16, 12, 233, 199, 168, 80, 192, 208, 194, 104, 52, 253, 216, 51, 189, 58, 134, 226, 45, 125, 138, 66, 10, 235, 37, 18, 173, 14, 159, 217, 51, 96, 82, 162, 170, 227, 116, 171, 184, 89, 152, 47, 108, 52, 65]
2020-07-20 20:23:36,119 [DEBUG] [32, 1, 32, 2, 129, 68, 117, 101, 245, 1, 116, 223, 57, 106, 220, 92]
2020-07-20 20:23:36,119 [DEBUG] [32, 1, 32, 2, 129, 68, 117, 101, 245, 1, 116, 223, 57, 106, 220, 92]
2020-07-20 20:23:36,119 [DEBUG] [32, 1, 32, 2, 48, 50, 36, 157, 197, 234, 206, 129, 102, 127, 148, 156]
2020-07-20 20:23:36,120 [DEBUG] HIT suit list
2020-07-20 20:23:36,121 [DEBUG] DH groups parameter
2020-07-20 20:23:36,121 [DEBUG] Transport parameter
2020-07-20 20:23:36,121 [DEBUG] [4095]
2020-07-20 20:23:36,121 [DEBUG] Signature parameter
2020-07-20 20:23:36,125 [DEBUG] Puzzle was solved and verified....
2020-07-20 20:23:36,126 [DEBUG] EccKey(curve='NIST P-384', point_x=37173395350940588245674450513330079429510508659478689436536612510730853344942835519641269147864618997517241960631241, point_y=12791661423200773336599344535022845240764291549078668828719974910258620997072886894512132497610874542546561121662017)
2020-07-20 20:23:36,133 [DEBUG] DH public key value: 4883141762060040057176851251148132399696096098556127388894911252318694654501220098485497114647186793889201350827525982340024086297657930796675049082857571385682845739996043039382733404872930346997628289631335641628610249165726265396291266495685419167694392096928447819084745016711619029138724631034226325403895711885 
2020-07-20 20:23:36,430 [DEBUG] Secret key 5878521053655441123311601246523972099643175422415946265884784116275041025076326521660343342958956042131483553160474463202925148785802088906556592995293725367
2020-07-20 20:23:36,431 [DEBUG] Processing R1 packet 0.315274
2020-07-20 20:23:36,431 [DEBUG] [0, 2, 133, 28, 78, 100, 15, 13, 50, 162, 71, 146, 45, 119, 45, 137, 202, 15, 36, 178, 119, 26, 220, 138, 245, 52, 79, 77, 85, 143, 69, 121, 84, 37, 54, 181, 177, 93, 170, 213, 72, 38, 34, 236, 150, 112, 175, 65, 180, 90, 173, 162, 89, 31, 156, 24, 224, 29, 198, 215, 36, 28, 148, 222, 249, 252, 161, 121, 163, 100, 215, 146, 252, 216, 235, 110, 193, 103, 58, 189, 104, 59, 94, 90, 3, 231, 150, 38, 154, 16, 49, 86, 142, 109, 192, 108, 120, 114]
2020-07-20 20:23:36,433 [DEBUG] [69, 0, 0, 0, 0, 0, 0, 0, 128, 139, 0, 0, 192, 168, 0, 121, 192, 168, 0, 101, 59, 75, 3, 33, 124, 22, 0, 0, 32, 1, 32, 2, 48, 50, 36, 157, 197, 234, 206, 129, 102, 127, 148, 156, 32, 1, 32, 2, 129, 68, 117, 101, 245, 1, 116, 223, 57, 106, 220, 92, 1, 65, 0, 100, 8, 0, 22, 144, 188, 226, 67, 115, 241, 11, 217, 217, 11, 80, 217, 164, 211, 195, 49, 62, 176, 216, 39, 64, 86, 75, 158, 94, 214, 64, 245, 183, 216, 201, 97, 129, 154, 14, 5, 111, 117, 145, 211, 230, 1, 237, 237, 184, 123, 158, 66, 3, 18, 111, 94, 79, 163, 128, 234, 235, 110, 151, 166, 246, 49, 68, 28, 97, 183, 112, 97, 96, 16, 167, 185, 242, 254, 220, 126, 145, 233, 237, 157, 60, 84, 245, 117, 144, 160, 229, 226, 129, 252, 65, 177, 56, 253, 236, 182, 215, 2, 1, 0, 135, 9, 0, 132, 0, 184, 156, 59, 146, 21, 3, 210, 24, 1, 31, 124, 177, 61, 149, 238, 30, 35, 169, 31, 101, 190, 198, 202, 189, 229, 93, 120, 39, 29, 237, 0, 237, 253, 0, 107, 4, 162, 46, 232, 193, 101, 12, 212, 3, 188, 1, 38, 151, 233, 148, 136, 75, 162, 86, 181, 222, 66, 84, 24, 118, 42, 110, 201, 151, 24, 0, 74, 93, 21, 210, 165, 37, 164, 63, 219, 189, 149, 150, 79, 85, 203, 14, 19, 243, 7, 178, 15, 3, 204, 252, 1, 210, 209, 109, 104, 97, 134, 132, 250, 215, 8, 39, 123, 6, 156, 44, 172, 134, 248, 149, 159, 211, 252, 16, 247, 216, 55, 0, 155, 205, 111, 232, 150, 2, 25, 128, 203, 141, 95, 32, 179, 0, 0, 0, 0, 0, 2, 67, 0, 2, 0, 4, 0, 0, 2, 193, 0, 134, 0, 98, 32, 30, 0, 7, 0, 2, 133, 28, 78, 100, 15, 13, 50, 162, 71, 146, 45, 119, 45, 137, 202, 15, 36, 178, 119, 26, 220, 138, 245, 52, 79, 77, 85, 143, 69, 121, 84, 37, 54, 181, 177, 93, 170, 213, 72, 38, 34, 236, 150, 112, 175, 65, 180, 90, 173, 162, 89, 31, 156, 24, 224, 29, 198, 215, 36, 28, 148, 222, 249, 252, 161, 121, 163, 100, 215, 146, 252, 216, 235, 110, 193, 103, 58, 189, 104, 59, 94, 90, 3, 231, 150, 38, 154, 16, 49, 86, 142, 109, 192, 108, 120, 114, 100, 109, 105, 116, 114, 105, 121, 46, 107, 117, 112, 116, 115, 111, 118, 64, 115, 116, 114, 97, 110, 103, 101, 98, 105, 116, 46, 99, 111, 109, 0, 0, 0, 0, 0, 0, 8, 1, 0, 2, 15, 255, 0, 0, 240, 65, 0, 48, 89, 184, 38, 8, 16, 251, 47, 70, 80, 80, 114, 37, 83, 169, 199, 17, 9, 163, 7, 233, 83, 85, 56, 153, 81, 50, 50, 39, 116, 88, 18, 184, 171, 180, 213, 168, 248, 137, 179, 38, 4, 3, 221, 252, 8, 14, 58, 207, 0, 0, 0, 0, 241, 1, 0, 98, 0, 7, 162, 100, 152, 234, 117, 73, 41, 250, 62, 29, 213, 200, 193, 72, 72, 86, 246, 69, 59, 213, 115, 82, 116, 59, 182, 4, 192, 8, 220, 117, 150, 200, 94, 47, 146, 2, 225, 90, 91, 105, 108, 162, 77, 103, 236, 211, 247, 41, 106, 32, 192, 123, 182, 163, 30, 30, 219, 147, 1, 5, 238, 86, 192, 188, 20, 74, 112, 91, 0, 70, 197, 247, 36, 79, 27, 209, 105, 157, 127, 167, 244, 133, 116, 28, 88, 152, 119, 28, 182, 157, 112, 165, 132, 211, 69, 253, 0, 0]
2020-07-20 20:23:36,433 [DEBUG] Sending I2 packet to 192.168.0.101 628
2020-07-20 20:23:36,726 [INFO] Got packet on TUN interface 104 bytes
2020-07-20 20:23:36,726 [INFO] Source 2001:2002:3032:249d:c5ea:ce81:667f:949c 
2020-07-20 20:23:36,726 [INFO] Destination 2001:2002:8144:7565:f501:74df:396a:dc5c 
2020-07-20 20:23:36,726 [INFO] Version 6 
2020-07-20 20:23:36,726 [INFO] Traffic class 0 
2020-07-20 20:23:36,726 [INFO] Flow label 485092 
2020-07-20 20:23:36,727 [INFO] Packet length 64 
2020-07-20 20:23:36,727 [INFO] Next header 58 
2020-07-20 20:23:36,727 [INFO] Hop limit 64
2020-07-20 20:23:36,727 [DEBUG] Unknown state reached....
2020-07-20 20:23:37,749 [INFO] Got packet on TUN interface 104 bytes
2020-07-20 20:23:37,750 [INFO] Source 2001:2002:3032:249d:c5ea:ce81:667f:949c 
2020-07-20 20:23:37,750 [INFO] Destination 2001:2002:8144:7565:f501:74df:396a:dc5c 
2020-07-20 20:23:37,750 [INFO] Version 6 
2020-07-20 20:23:37,750 [INFO] Traffic class 0 
2020-07-20 20:23:37,751 [INFO] Flow label 485092 
2020-07-20 20:23:37,751 [INFO] Packet length 64 
2020-07-20 20:23:37,751 [INFO] Next header 58 
2020-07-20 20:23:37,751 [INFO] Hop limit 64
2020-07-20 20:23:37,751 [DEBUG] Unknown state reached....
2020-07-20 20:23:38,773 [INFO] Got packet on TUN interface 104 bytes
2020-07-20 20:23:38,774 [INFO] Source 2001:2002:3032:249d:c5ea:ce81:667f:949c 
2020-07-20 20:23:38,774 [INFO] Destination 2001:2002:8144:7565:f501:74df:396a:dc5c 
2020-07-20 20:23:38,774 [INFO] Version 6 
2020-07-20 20:23:38,775 [INFO] Traffic class 0 
2020-07-20 20:23:38,775 [INFO] Flow label 485092 
2020-07-20 20:23:38,775 [INFO] Packet length 64 
2020-07-20 20:23:38,775 [INFO] Next header 58 
2020-07-20 20:23:38,775 [INFO] Hop limit 64
2020-07-20 20:23:38,776 [DEBUG] Unknown state reached....
2020-07-20 20:23:38,950 [INFO] Got HIP packet
2020-07-20 20:23:38,950 [INFO] Responder's HIT 2001:2002:3032:249d:c5ea:ce81:667f:949c
2020-07-20 20:23:38,950 [INFO] Our own HIT 2001:2002:3032:249d:c5ea:ce81:667f:949c 
2020-07-20 20:23:38,950 [INFO] R2 packet
2020-07-20 20:23:38,950 [DEBUG] MAC2 parameter
2020-07-20 20:23:38,950 [DEBUG] Signature2 parameter
2020-07-20 20:23:38,951 [DEBUG] HMAC is ok. Continue with signature
2020-07-20 20:23:38,958 [DEBUG] Signature is correct
2020-07-20 20:23:38,958 [DEBUG] Processing R2 packet 0.007727
2020-07-20 20:23:38,958 [DEBUG] Ending HIP BEX 1595258618.958487
2020-07-20 20:23:38,958 [DEBUG] Setting SA records... 192.168.0.101 - 192.168.0.121
2020-07-20 20:23:38,958 [DEBUG] Adding record for 2001:2002:3032:249d:c5ea:ce81:667f:949c - 2001:2002:8144:7565:f501:74df:396a:dc5c
2020-07-20 20:23:38,958 [DEBUG] Adding record for 192.168.0.101 - 192.168.0.121
2020-07-20 20:23:39,801 [INFO] Got packet on TUN interface 104 bytes
2020-07-20 20:23:39,802 [INFO] Source 2001:2002:3032:249d:c5ea:ce81:667f:949c 
2020-07-20 20:23:39,802 [INFO] Destination 2001:2002:8144:7565:f501:74df:396a:dc5c 
2020-07-20 20:23:39,802 [INFO] Version 6 
2020-07-20 20:23:39,802 [INFO] Traffic class 0 
2020-07-20 20:23:39,802 [INFO] Flow label 485092 
2020-07-20 20:23:39,802 [INFO] Packet length 64 
2020-07-20 20:23:39,803 [INFO] Next header 58 
2020-07-20 20:23:39,803 [INFO] Hop limit 64
2020-07-20 20:23:39,803 [DEBUG] Sending IPSEC packet...
2020-07-20 20:23:39,803 [DEBUG] HMAC key
2020-07-20 20:23:39,803 [DEBUG] bytearray(b'\x98\xb2\x81\xb4\x0b\xce\xc9\xacB\x81\x8a\xf4\x05\x9b\xecb\x02\xf9\xbe\xbf\x83e\xceP\xaap\x12\xeep\x00,p\xda\x12\xd8\xac\x06D\x17|p\xd2~\x03~\xda\x96d')
2020-07-20 20:23:39,803 [DEBUG] Cipher key
2020-07-20 20:23:39,804 [DEBUG] bytearray(b'\xc8\xd65\xa3gA\xef\x00\x9f+\xe0\xeb\x95\x80i5\xb8\x98;Sb\xf1\xec\xa2\xc8y=[\xbb\x97\xa9\x04')
2020-07-20 20:23:39,804 [DEBUG] IV
2020-07-20 20:23:39,804 [DEBUG] [41, 156, 114, 206, 77, 187, 77, 61, 115, 130, 128, 125, 185, 71, 19, 131]
2020-07-20 20:23:39,804 [DEBUG] Length of the padded data 80
2020-07-20 20:23:39,805 [DEBUG] Padded data
2020-07-20 20:23:39,805 [DEBUG] [41, 156, 114, 206, 77, 187, 77, 61, 115, 130, 128, 125, 185, 71, 19, 131, 14, 23, 167, 220, 86, 203, 137, 169, 166, 126, 198, 24, 75, 145, 94, 130, 214, 53, 221, 43, 187, 59, 231, 106, 77, 219, 1, 142, 253, 37, 207, 136, 84, 247, 135, 109, 13, 239, 167, 209, 205, 36, 204, 135, 181, 234, 128, 48, 134, 201, 62, 96, 195, 92, 80, 95, 230, 129, 35, 124, 193, 128, 70, 164, 191, 246, 61, 205, 66, 109, 169, 91, 210, 49, 168, 115, 175, 33, 72, 97]
2020-07-20 20:23:39,805 [DEBUG] [14, 23, 167, 220, 86, 203, 137, 169, 166, 126, 198, 24, 75, 145, 94, 130, 214, 53, 221, 43, 187, 59, 231, 106, 77, 219, 1, 142, 253, 37, 207, 136, 84, 247, 135, 109, 13, 239, 167, 209, 205, 36, 204, 135, 181, 234, 128, 48, 134, 201, 62, 96, 195, 92, 80, 95, 230, 129, 35, 124, 193, 128, 70, 164, 191, 246, 61, 205, 66, 109, 169, 91, 210, 49, 168, 115, 175, 33, 72, 97]
2020-07-20 20:23:39,805 [DEBUG] Encrypted padded data
2020-07-20 20:23:39,806 [DEBUG] [128, 0, 212, 2, 84, 166, 0, 7, 251, 182, 21, 95, 0, 0, 0, 0, 160, 59, 12, 0, 0, 0, 0, 0, 16, 17, 18, 19, 20, 21, 22, 23, 24, 25, 26, 27, 28, 29, 30, 31, 32, 33, 34, 35, 36, 37, 38, 39, 40, 41, 42, 43, 44, 45, 46, 47, 48, 49, 50, 51, 52, 53, 54, 55, 1, 2, 3, 4, 5, 6, 7, 8, 9, 10, 11, 12, 13, 14, 14, 58]
2020-07-20 20:23:39,806 [DEBUG] Calculating ICV over IPSec packet
2020-07-20 20:23:39,806 [DEBUG] [119, 53, 210, 27, 0, 0, 0, 1, 41, 156, 114, 206, 77, 187, 77, 61, 115, 130, 128, 125, 185, 71, 19, 131, 14, 23, 167, 220, 86, 203, 137, 169, 166, 126, 198, 24, 75, 145, 94, 130, 214, 53, 221, 43, 187, 59, 231, 106, 77, 219, 1, 142, 253, 37, 207, 136, 84, 247, 135, 109, 13, 239, 167, 209, 205, 36, 204, 135, 181, 234, 128, 48, 134, 201, 62, 96, 195, 92, 80, 95, 230, 129, 35, 124, 193, 128, 70, 164, 191, 246, 61, 205, 66, 109, 169, 91, 210, 49, 168, 115, 175, 33, 72, 97]
2020-07-20 20:23:39,806 [DEBUG] Sending IPSEC packet to 192.168.0.101 172 bytes
2020-07-20 20:23:39,852 [DEBUG] Got packet from 192.168.0.101 to 192.168.0.121 of 172 bytes
2020-07-20 20:23:39,852 [DEBUG] HMAC key
2020-07-20 20:23:39,853 [DEBUG] bytearray(b'\xb2B|+\x02\xaf\x07\xd1\xbeV9X\x80\xdf\xb7\x0f\xc0\xdb\xbb(\xec\xbd\\\xb9\x1fs\x91@0v5\xd77\xda\x80?e\x0f/\xdc\xe1S;f\x8fI\x84\xbb')
2020-07-20 20:23:39,853 [DEBUG] Cipher key
2020-07-20 20:23:39,853 [DEBUG] bytearray(b']3\xb5\x99U\xbcV\x13\xaa\x9e\x1a\x87\xd0\xdf?\xbdd\xdc\xb6k\x0f\xe8+\xba\x8e\x8c\x7f6\x06\xb0\x1aX')
2020-07-20 20:23:39,853 [DEBUG] Calculating ICV over IPSec packet
2020-07-20 20:23:39,853 [DEBUG] [32, 130, 18, 23, 0, 0, 0, 1, 116, 143, 78, 169, 118, 142, 244, 43, 148, 210, 20, 84, 71, 199, 205, 149, 86, 196, 143, 147, 139, 187, 204, 135, 205, 202, 199, 183, 200, 179, 81, 163, 74, 173, 241, 38, 125, 180, 63, 4, 86, 206, 43, 163, 173, 34, 59, 27, 106, 220, 162, 171, 203, 146, 136, 28, 33, 60, 92, 146, 176, 6, 19, 105, 191, 15, 105, 237, 152, 174, 229, 167, 97, 149, 195, 59, 146, 78, 218, 189, 52, 169, 83, 167, 124, 88, 48, 62, 145, 164, 126, 203, 30, 49, 36, 197]
2020-07-20 20:23:39,854 [DEBUG] Encrypted padded data
2020-07-20 20:23:39,854 [DEBUG] [116, 143, 78, 169, 118, 142, 244, 43, 148, 210, 20, 84, 71, 199, 205, 149, 86, 196, 143, 147, 139, 187, 204, 135, 205, 202, 199, 183, 200, 179, 81, 163, 74, 173, 241, 38, 125, 180, 63, 4, 86, 206, 43, 163, 173, 34, 59, 27, 106, 220, 162, 171, 203, 146, 136, 28, 33, 60, 92, 146, 176, 6, 19, 105, 191, 15, 105, 237, 152, 174, 229, 167, 97, 149, 195, 59, 146, 78, 218, 189, 52, 169, 83, 167, 124, 88, 48, 62, 145, 164, 126, 203, 30, 49, 36, 197]
2020-07-20 20:23:39,854 [DEBUG] IV
2020-07-20 20:23:39,854 [DEBUG] [116, 143, 78, 169, 118, 142, 244, 43, 148, 210, 20, 84, 71, 199, 205, 149]
2020-07-20 20:23:39,854 [DEBUG] Padded data
2020-07-20 20:23:39,854 [DEBUG] [86, 196, 143, 147, 139, 187, 204, 135, 205, 202, 199, 183, 200, 179, 81, 163, 74, 173, 241, 38, 125, 180, 63, 4, 86, 206, 43, 163, 173, 34, 59, 27, 106, 220, 162, 171, 203, 146, 136, 28, 33, 60, 92, 146, 176, 6, 19, 105, 191, 15, 105, 237, 152, 174, 229, 167, 97, 149, 195, 59, 146, 78, 218, 189, 52, 169, 83, 167, 124, 88, 48, 62, 145, 164, 126, 203, 30, 49, 36, 197]
2020-07-20 20:23:39,855 [DEBUG] Sending IPv6 packet to 2001:2002:3032:249d:c5ea:ce81:667f:949c
2020-07-20 20:23:40,803 [INFO] Got packet on TUN interface 104 bytes
2020-07-20 20:23:40,804 [INFO] Source 2001:2002:3032:249d:c5ea:ce81:667f:949c 
2020-07-20 20:23:40,804 [INFO] Destination 2001:2002:8144:7565:f501:74df:396a:dc5c 
2020-07-20 20:23:40,804 [INFO] Version 6 
2020-07-20 20:23:40,804 [INFO] Traffic class 0 
2020-07-20 20:23:40,804 [INFO] Flow label 485092 
2020-07-20 20:23:40,804 [INFO] Packet length 64 
2020-07-20 20:23:40,804 [INFO] Next header 58 
2020-07-20 20:23:40,805 [INFO] Hop limit 64
2020-07-20 20:23:40,805 [DEBUG] Sending IPSEC packet...
2020-07-20 20:23:40,805 [DEBUG] HMAC key
2020-07-20 20:23:40,805 [DEBUG] bytearray(b'\x98\xb2\x81\xb4\x0b\xce\xc9\xacB\x81\x8a\xf4\x05\x9b\xecb\x02\xf9\xbe\xbf\x83e\xceP\xaap\x12\xeep\x00,p\xda\x12\xd8\xac\x06D\x17|p\xd2~\x03~\xda\x96d')
2020-07-20 20:23:40,805 [DEBUG] Cipher key
2020-07-20 20:23:40,805 [DEBUG] bytearray(b'\xc8\xd65\xa3gA\xef\x00\x9f+\xe0\xeb\x95\x80i5\xb8\x98;Sb\xf1\xec\xa2\xc8y=[\xbb\x97\xa9\x04')
2020-07-20 20:23:40,806 [DEBUG] IV
2020-07-20 20:23:40,806 [DEBUG] [45, 129, 44, 151, 228, 151, 86, 158, 214, 8, 152, 77, 232, 200, 59, 53]
2020-07-20 20:23:40,806 [DEBUG] Length of the padded data 80
2020-07-20 20:23:40,806 [DEBUG] Padded data
2020-07-20 20:23:40,806 [DEBUG] [45, 129, 44, 151, 228, 151, 86, 158, 214, 8, 152, 77, 232, 200, 59, 53, 15, 27, 131, 192, 179, 46, 179, 122, 22, 73, 180, 118, 54, 226, 234, 70, 20, 42, 9, 183, 220, 170, 226, 208, 209, 139, 181, 14, 5, 123, 32, 1, 133, 150, 103, 59, 84, 66, 97, 20, 37, 94, 78, 250, 187, 100, 211, 193, 76, 157, 44, 35, 82, 168, 250, 179, 141, 214, 70, 27, 171, 8, 62, 159, 97, 19, 122, 179, 206, 165, 6, 193, 94, 113, 25, 179, 164, 107, 236, 25]
2020-07-20 20:23:40,806 [DEBUG] [15, 27, 131, 192, 179, 46, 179, 122, 22, 73, 180, 118, 54, 226, 234, 70, 20, 42, 9, 183, 220, 170, 226, 208, 209, 139, 181, 14, 5, 123, 32, 1, 133, 150, 103, 59, 84, 66, 97, 20, 37, 94, 78, 250, 187, 100, 211, 193, 76, 157, 44, 35, 82, 168, 250, 179, 141, 214, 70, 27, 171, 8, 62, 159, 97, 19, 122, 179, 206, 165, 6, 193, 94, 113, 25, 179, 164, 107, 236, 25]
2020-07-20 20:23:40,807 [DEBUG] Encrypted padded data
2020-07-20 20:23:40,807 [DEBUG] [128, 0, 137, 251, 84, 166, 0, 8, 252, 182, 21, 95, 0, 0, 0, 0, 233, 65, 12, 0, 0, 0, 0, 0, 16, 17, 18, 19, 20, 21, 22, 23, 24, 25, 26, 27, 28, 29, 30, 31, 32, 33, 34, 35, 36, 37, 38, 39, 40, 41, 42, 43, 44, 45, 46, 47, 48, 49, 50, 51, 52, 53, 54, 55, 1, 2, 3, 4, 5, 6, 7, 8, 9, 10, 11, 12, 13, 14, 14, 58]
2020-07-20 20:23:40,807 [DEBUG] Calculating ICV over IPSec packet
2020-07-20 20:23:40,807 [DEBUG] [119, 53, 210, 27, 0, 0, 0, 2, 45, 129, 44, 151, 228, 151, 86, 158, 214, 8, 152, 77, 232, 200, 59, 53, 15, 27, 131, 192, 179, 46, 179, 122, 22, 73, 180, 118, 54, 226, 234, 70, 20, 42, 9, 183, 220, 170, 226, 208, 209, 139, 181, 14, 5, 123, 32, 1, 133, 150, 103, 59, 84, 66, 97, 20, 37, 94, 78, 250, 187, 100, 211, 193, 76, 157, 44, 35, 82, 168, 250, 179, 141, 214, 70, 27, 171, 8, 62, 159, 97, 19, 122, 179, 206, 165, 6, 193, 94, 113, 25, 179, 164, 107, 236, 25]
2020-07-20 20:23:40,807 [DEBUG] Sending IPSEC packet to 192.168.0.101 172 bytes
2020-07-20 20:23:40,852 [DEBUG] Got packet from 192.168.0.101 to 192.168.0.121 of 172 bytes
2020-07-20 20:23:40,852 [DEBUG] HMAC key
2020-07-20 20:23:40,852 [DEBUG] bytearray(b'\xb2B|+\x02\xaf\x07\xd1\xbeV9X\x80\xdf\xb7\x0f\xc0\xdb\xbb(\xec\xbd\\\xb9\x1fs\x91@0v5\xd77\xda\x80?e\x0f/\xdc\xe1S;f\x8fI\x84\xbb')
2020-07-20 20:23:40,852 [DEBUG] Cipher key
2020-07-20 20:23:40,852 [DEBUG] bytearray(b']3\xb5\x99U\xbcV\x13\xaa\x9e\x1a\x87\xd0\xdf?\xbdd\xdc\xb6k\x0f\xe8+\xba\x8e\x8c\x7f6\x06\xb0\x1aX')
2020-07-20 20:23:40,853 [DEBUG] Calculating ICV over IPSec packet
2020-07-20 20:23:40,853 [DEBUG] [32, 130, 18, 23, 0, 0, 0, 2, 144, 99, 221, 81, 16, 228, 123, 234, 104, 66, 218, 247, 133, 167, 235, 144, 234, 126, 18, 35, 161, 227, 28, 9, 240, 11, 217, 74, 127, 183, 35, 79, 235, 69, 59, 39, 253, 202, 238, 33, 34, 146, 8, 81, 28, 180, 222, 187, 45, 189, 23, 210, 169, 125, 151, 155, 87, 196, 18, 160, 17, 135, 206, 237, 131, 119, 126, 64, 68, 45, 21, 228, 194, 79, 192, 190, 179, 144, 73, 96, 232, 101, 168, 86, 89, 57, 76, 84, 48, 89, 47, 133, 247, 228, 150, 250]
2020-07-20 20:23:40,853 [DEBUG] Encrypted padded data
2020-07-20 20:23:40,853 [DEBUG] [144, 99, 221, 81, 16, 228, 123, 234, 104, 66, 218, 247, 133, 167, 235, 144, 234, 126, 18, 35, 161, 227, 28, 9, 240, 11, 217, 74, 127, 183, 35, 79, 235, 69, 59, 39, 253, 202, 238, 33, 34, 146, 8, 81, 28, 180, 222, 187, 45, 189, 23, 210, 169, 125, 151, 155, 87, 196, 18, 160, 17, 135, 206, 237, 131, 119, 126, 64, 68, 45, 21, 228, 194, 79, 192, 190, 179, 144, 73, 96, 232, 101, 168, 86, 89, 57, 76, 84, 48, 89, 47, 133, 247, 228, 150, 250]
2020-07-20 20:23:40,853 [DEBUG] IV
2020-07-20 20:23:40,853 [DEBUG] [144, 99, 221, 81, 16, 228, 123, 234, 104, 66, 218, 247, 133, 167, 235, 144]
2020-07-20 20:23:40,854 [DEBUG] Padded data
2020-07-20 20:23:40,854 [DEBUG] [234, 126, 18, 35, 161, 227, 28, 9, 240, 11, 217, 74, 127, 183, 35, 79, 235, 69, 59, 39, 253, 202, 238, 33, 34, 146, 8, 81, 28, 180, 222, 187, 45, 189, 23, 210, 169, 125, 151, 155, 87, 196, 18, 160, 17, 135, 206, 237, 131, 119, 126, 64, 68, 45, 21, 228, 194, 79, 192, 190, 179, 144, 73, 96, 232, 101, 168, 86, 89, 57, 76, 84, 48, 89, 47, 133, 247, 228, 150, 250]
2020-07-20 20:23:40,854 [DEBUG] Sending IPv6 packet to 2001:2002:3032:249d:c5ea:ce81:667f:949c
2020-07-20 20:23:41,804 [INFO] Got packet on TUN interface 104 bytes
2020-07-20 20:23:41,805 [INFO] Source 2001:2002:3032:249d:c5ea:ce81:667f:949c 
2020-07-20 20:23:41,805 [INFO] Destination 2001:2002:8144:7565:f501:74df:396a:dc5c 
2020-07-20 20:23:41,805 [INFO] Version 6 
2020-07-20 20:23:41,806 [INFO] Traffic class 0 
2020-07-20 20:23:41,806 [INFO] Flow label 485092 
2020-07-20 20:23:41,806 [INFO] Packet length 64 
2020-07-20 20:23:41,806 [INFO] Next header 58 
2020-07-20 20:23:41,806 [INFO] Hop limit 64
2020-07-20 20:23:41,806 [DEBUG] Sending IPSEC packet...
2020-07-20 20:23:41,807 [DEBUG] HMAC key
2020-07-20 20:23:41,807 [DEBUG] bytearray(b'\x98\xb2\x81\xb4\x0b\xce\xc9\xacB\x81\x8a\xf4\x05\x9b\xecb\x02\xf9\xbe\xbf\x83e\xceP\xaap\x12\xeep\x00,p\xda\x12\xd8\xac\x06D\x17|p\xd2~\x03~\xda\x96d')
2020-07-20 20:23:41,807 [DEBUG] Cipher key
2020-07-20 20:23:41,807 [DEBUG] bytearray(b'\xc8\xd65\xa3gA\xef\x00\x9f+\xe0\xeb\x95\x80i5\xb8\x98;Sb\xf1\xec\xa2\xc8y=[\xbb\x97\xa9\x04')
2020-07-20 20:23:41,807 [DEBUG] IV
2020-07-20 20:23:41,808 [DEBUG] [118, 108, 114, 88, 193, 9, 2, 132, 49, 241, 79, 81, 48, 109, 95, 52]
2020-07-20 20:23:41,808 [DEBUG] Length of the padded data 80
2020-07-20 20:23:41,808 [DEBUG] Padded data
2020-07-20 20:23:41,808 [DEBUG] [118, 108, 114, 88, 193, 9, 2, 132, 49, 241, 79, 81, 48, 109, 95, 52, 246, 221, 216, 235, 238, 193, 36, 16, 106, 216, 160, 165, 240, 84, 29, 143, 50, 178, 142, 21, 146, 116, 132, 154, 211, 189, 244, 145, 53, 222, 254, 97, 164, 167, 11, 32, 148, 240, 117, 159, 195, 249, 91, 239, 160, 231, 94, 83, 160, 243, 186, 58, 205, 112, 80, 11, 223, 22, 29, 221, 8, 131, 253, 26, 97, 77, 50, 96, 221, 90, 66, 34, 4, 53, 229, 227, 231, 11, 76, 159]
2020-07-20 20:23:41,809 [DEBUG] [246, 221, 216, 235, 238, 193, 36, 16, 106, 216, 160, 165, 240, 84, 29, 143, 50, 178, 142, 21, 146, 116, 132, 154, 211, 189, 244, 145, 53, 222, 254, 97, 164, 167, 11, 32, 148, 240, 117, 159, 195, 249, 91, 239, 160, 231, 94, 83, 160, 243, 186, 58, 205, 112, 80, 11, 223, 22, 29, 221, 8, 131, 253, 26, 97, 77, 50, 96, 221, 90, 66, 34, 4, 53, 229, 227, 231, 11, 76, 159]
2020-07-20 20:23:41,809 [DEBUG] Encrypted padded data
2020-07-20 20:23:41,809 [DEBUG] [128, 0, 232, 244, 84, 166, 0, 9, 253, 182, 21, 95, 0, 0, 0, 0, 137, 71, 12, 0, 0, 0, 0, 0, 16, 17, 18, 19, 20, 21, 22, 23, 24, 25, 26, 27, 28, 29, 30, 31, 32, 33, 34, 35, 36, 37, 38, 39, 40, 41, 42, 43, 44, 45, 46, 47, 48, 49, 50, 51, 52, 53, 54, 55, 1, 2, 3, 4, 5, 6, 7, 8, 9, 10, 11, 12, 13, 14, 14, 58]
2020-07-20 20:23:41,809 [DEBUG] Calculating ICV over IPSec packet
2020-07-20 20:23:41,809 [DEBUG] [119, 53, 210, 27, 0, 0, 0, 3, 118, 108, 114, 88, 193, 9, 2, 132, 49, 241, 79, 81, 48, 109, 95, 52, 246, 221, 216, 235, 238, 193, 36, 16, 106, 216, 160, 165, 240, 84, 29, 143, 50, 178, 142, 21, 146, 116, 132, 154, 211, 189, 244, 145, 53, 222, 254, 97, 164, 167, 11, 32, 148, 240, 117, 159, 195, 249, 91, 239, 160, 231, 94, 83, 160, 243, 186, 58, 205, 112, 80, 11, 223, 22, 29, 221, 8, 131, 253, 26, 97, 77, 50, 96, 221, 90, 66, 34, 4, 53, 229, 227, 231, 11, 76, 159]
2020-07-20 20:23:41,810 [DEBUG] Sending IPSEC packet to 192.168.0.101 172 bytes
2020-07-20 20:23:41,890 [DEBUG] Got packet from 192.168.0.101 to 192.168.0.121 of 172 bytes
2020-07-20 20:23:41,891 [DEBUG] HMAC key
2020-07-20 20:23:41,891 [DEBUG] bytearray(b'\xb2B|+\x02\xaf\x07\xd1\xbeV9X\x80\xdf\xb7\x0f\xc0\xdb\xbb(\xec\xbd\\\xb9\x1fs\x91@0v5\xd77\xda\x80?e\x0f/\xdc\xe1S;f\x8fI\x84\xbb')
2020-07-20 20:23:41,891 [DEBUG] Cipher key
2020-07-20 20:23:41,891 [DEBUG] bytearray(b']3\xb5\x99U\xbcV\x13\xaa\x9e\x1a\x87\xd0\xdf?\xbdd\xdc\xb6k\x0f\xe8+\xba\x8e\x8c\x7f6\x06\xb0\x1aX')
2020-07-20 20:23:41,891 [DEBUG] Calculating ICV over IPSec packet
2020-07-20 20:23:41,891 [DEBUG] [32, 130, 18, 23, 0, 0, 0, 3, 210, 90, 55, 105, 66, 134, 114, 229, 34, 76, 220, 149, 26, 160, 110, 60, 107, 151, 191, 156, 221, 185, 244, 243, 239, 211, 202, 7, 219, 15, 140, 74, 21, 17, 174, 172, 189, 0, 70, 103, 126, 154, 251, 79, 63, 98, 249, 160, 14, 179, 54, 99, 123, 200, 253, 81, 90, 135, 98, 35, 178, 109, 208, 129, 110, 254, 117, 184, 90, 246, 139, 193, 240, 223, 146, 31, 51, 39, 181, 234, 139, 227, 98, 145, 166, 192, 239, 241, 58, 125, 38, 58, 249, 115, 187, 233]
2020-07-20 20:23:41,892 [DEBUG] Encrypted padded data
2020-07-20 20:23:41,892 [DEBUG] [210, 90, 55, 105, 66, 134, 114, 229, 34, 76, 220, 149, 26, 160, 110, 60, 107, 151, 191, 156, 221, 185, 244, 243, 239, 211, 202, 7, 219, 15, 140, 74, 21, 17, 174, 172, 189, 0, 70, 103, 126, 154, 251, 79, 63, 98, 249, 160, 14, 179, 54, 99, 123, 200, 253, 81, 90, 135, 98, 35, 178, 109, 208, 129, 110, 254, 117, 184, 90, 246, 139, 193, 240, 223, 146, 31, 51, 39, 181, 234, 139, 227, 98, 145, 166, 192, 239, 241, 58, 125, 38, 58, 249, 115, 187, 233]
2020-07-20 20:23:41,892 [DEBUG] IV
2020-07-20 20:23:41,892 [DEBUG] [210, 90, 55, 105, 66, 134, 114, 229, 34, 76, 220, 149, 26, 160, 110, 60]
2020-07-20 20:23:41,892 [DEBUG] Padded data
2020-07-20 20:23:41,893 [DEBUG] [107, 151, 191, 156, 221, 185, 244, 243, 239, 211, 202, 7, 219, 15, 140, 74, 21, 17, 174, 172, 189, 0, 70, 103, 126, 154, 251, 79, 63, 98, 249, 160, 14, 179, 54, 99, 123, 200, 253, 81, 90, 135, 98, 35, 178, 109, 208, 129, 110, 254, 117, 184, 90, 246, 139, 193, 240, 223, 146, 31, 51, 39, 181, 234, 139, 227, 98, 145, 166, 192, 239, 241, 58, 125, 38, 58, 249, 115, 187, 233]
2020-07-20 20:23:41,893 [DEBUG] Sending IPv6 packet to 2001:2002:3032:249d:c5ea:ce81:667f:949c
2020-07-20 20:23:42,806 [INFO] Got packet on TUN interface 104 bytes
2020-07-20 20:23:42,807 [INFO] Source 2001:2002:3032:249d:c5ea:ce81:667f:949c 
2020-07-20 20:23:42,807 [INFO] Destination 2001:2002:8144:7565:f501:74df:396a:dc5c 
2020-07-20 20:23:42,807 [INFO] Version 6 
2020-07-20 20:23:42,807 [INFO] Traffic class 0 
2020-07-20 20:23:42,807 [INFO] Flow label 485092 
2020-07-20 20:23:42,808 [INFO] Packet length 64 
2020-07-20 20:23:42,808 [INFO] Next header 58 
2020-07-20 20:23:42,808 [INFO] Hop limit 64
2020-07-20 20:23:42,808 [DEBUG] Sending IPSEC packet...
2020-07-20 20:23:42,808 [DEBUG] HMAC key
2020-07-20 20:23:42,809 [DEBUG] bytearray(b'\x98\xb2\x81\xb4\x0b\xce\xc9\xacB\x81\x8a\xf4\x05\x9b\xecb\x02\xf9\xbe\xbf\x83e\xceP\xaap\x12\xeep\x00,p\xda\x12\xd8\xac\x06D\x17|p\xd2~\x03~\xda\x96d')
2020-07-20 20:23:42,809 [DEBUG] Cipher key
2020-07-20 20:23:42,809 [DEBUG] bytearray(b'\xc8\xd65\xa3gA\xef\x00\x9f+\xe0\xeb\x95\x80i5\xb8\x98;Sb\xf1\xec\xa2\xc8y=[\xbb\x97\xa9\x04')
2020-07-20 20:23:42,809 [DEBUG] IV
2020-07-20 20:23:42,809 [DEBUG] [198, 247, 161, 239, 142, 222, 159, 15, 213, 128, 123, 210, 218, 168, 84, 228]
2020-07-20 20:23:42,809 [DEBUG] Length of the padded data 80
2020-07-20 20:23:42,810 [DEBUG] Padded data
2020-07-20 20:23:42,810 [DEBUG] [198, 247, 161, 239, 142, 222, 159, 15, 213, 128, 123, 210, 218, 168, 84, 228, 127, 53, 9, 65, 129, 235, 56, 214, 32, 226, 60, 49, 61, 236, 6, 79, 220, 175, 168, 252, 117, 214, 84, 224, 9, 176, 229, 123, 249, 22, 47, 134, 237, 80, 218, 233, 33, 101, 32, 34, 143, 22, 59, 164, 237, 148, 84, 231, 230, 228, 61, 156, 88, 252, 134, 244, 107, 158, 162, 71, 219, 50, 134, 160, 87, 96, 130, 245, 112, 168, 134, 210, 196, 128, 78, 178, 112, 196, 114, 65]
2020-07-20 20:23:42,810 [DEBUG] [127, 53, 9, 65, 129, 235, 56, 214, 32, 226, 60, 49, 61, 236, 6, 79, 220, 175, 168, 252, 117, 214, 84, 224, 9, 176, 229, 123, 249, 22, 47, 134, 237, 80, 218, 233, 33, 101, 32, 34, 143, 22, 59, 164, 237, 148, 84, 231, 230, 228, 61, 156, 88, 252, 134, 244, 107, 158, 162, 71, 219, 50, 134, 160, 87, 96, 130, 245, 112, 168, 134, 210, 196, 128, 78, 178, 112, 196, 114, 65]
2020-07-20 20:23:42,810 [DEBUG] Encrypted padded data
2020-07-20 20:23:42,810 [DEBUG] [128, 0, 169, 236, 84, 166, 0, 10, 254, 182, 21, 95, 0, 0, 0, 0, 199, 78, 12, 0, 0, 0, 0, 0, 16, 17, 18, 19, 20, 21, 22, 23, 24, 25, 26, 27, 28, 29, 30, 31, 32, 33, 34, 35, 36, 37, 38, 39, 40, 41, 42, 43, 44, 45, 46, 47, 48, 49, 50, 51, 52, 53, 54, 55, 1, 2, 3, 4, 5, 6, 7, 8, 9, 10, 11, 12, 13, 14, 14, 58]
2020-07-20 20:23:42,811 [DEBUG] Calculating ICV over IPSec packet
2020-07-20 20:23:42,811 [DEBUG] [119, 53, 210, 27, 0, 0, 0, 4, 198, 247, 161, 239, 142, 222, 159, 15, 213, 128, 123, 210, 218, 168, 84, 228, 127, 53, 9, 65, 129, 235, 56, 214, 32, 226, 60, 49, 61, 236, 6, 79, 220, 175, 168, 252, 117, 214, 84, 224, 9, 176, 229, 123, 249, 22, 47, 134, 237, 80, 218, 233, 33, 101, 32, 34, 143, 22, 59, 164, 237, 148, 84, 231, 230, 228, 61, 156, 88, 252, 134, 244, 107, 158, 162, 71, 219, 50, 134, 160, 87, 96, 130, 245, 112, 168, 134, 210, 196, 128, 78, 178, 112, 196, 114, 65]
2020-07-20 20:23:42,811 [DEBUG] Sending IPSEC packet to 192.168.0.101 172 bytes
2020-07-20 20:23:42,851 [DEBUG] Got packet from 192.168.0.101 to 192.168.0.121 of 172 bytes
2020-07-20 20:23:42,851 [DEBUG] HMAC key
2020-07-20 20:23:42,851 [DEBUG] bytearray(b'\xb2B|+\x02\xaf\x07\xd1\xbeV9X\x80\xdf\xb7\x0f\xc0\xdb\xbb(\xec\xbd\\\xb9\x1fs\x91@0v5\xd77\xda\x80?e\x0f/\xdc\xe1S;f\x8fI\x84\xbb')
2020-07-20 20:23:42,851 [DEBUG] Cipher key
2020-07-20 20:23:42,852 [DEBUG] bytearray(b']3\xb5\x99U\xbcV\x13\xaa\x9e\x1a\x87\xd0\xdf?\xbdd\xdc\xb6k\x0f\xe8+\xba\x8e\x8c\x7f6\x06\xb0\x1aX')
2020-07-20 20:23:42,852 [DEBUG] Calculating ICV over IPSec packet
2020-07-20 20:23:42,852 [DEBUG] [32, 130, 18, 23, 0, 0, 0, 4, 31, 158, 248, 56, 213, 184, 101, 57, 34, 70, 148, 54, 181, 36, 59, 38, 141, 69, 15, 105, 83, 16, 164, 125, 131, 76, 39, 32, 108, 88, 204, 254, 216, 223, 205, 62, 223, 127, 65, 213, 83, 77, 167, 41, 223, 39, 77, 246, 230, 80, 54, 219, 173, 117, 93, 140, 53, 127, 29, 158, 77, 101, 34, 34, 135, 4, 192, 9, 58, 16, 8, 177, 131, 99, 195, 211, 109, 56, 128, 236, 76, 165, 15, 247, 207, 183, 172, 109, 102, 39, 91, 106, 244, 99, 176, 139]
2020-07-20 20:23:42,852 [DEBUG] Encrypted padded data
2020-07-20 20:23:42,852 [DEBUG] [31, 158, 248, 56, 213, 184, 101, 57, 34, 70, 148, 54, 181, 36, 59, 38, 141, 69, 15, 105, 83, 16, 164, 125, 131, 76, 39, 32, 108, 88, 204, 254, 216, 223, 205, 62, 223, 127, 65, 213, 83, 77, 167, 41, 223, 39, 77, 246, 230, 80, 54, 219, 173, 117, 93, 140, 53, 127, 29, 158, 77, 101, 34, 34, 135, 4, 192, 9, 58, 16, 8, 177, 131, 99, 195, 211, 109, 56, 128, 236, 76, 165, 15, 247, 207, 183, 172, 109, 102, 39, 91, 106, 244, 99, 176, 139]
2020-07-20 20:23:42,852 [DEBUG] IV
2020-07-20 20:23:42,852 [DEBUG] [31, 158, 248, 56, 213, 184, 101, 57, 34, 70, 148, 54, 181, 36, 59, 38]
2020-07-20 20:23:42,853 [DEBUG] Padded data
2020-07-20 20:23:42,853 [DEBUG] [141, 69, 15, 105, 83, 16, 164, 125, 131, 76, 39, 32, 108, 88, 204, 254, 216, 223, 205, 62, 223, 127, 65, 213, 83, 77, 167, 41, 223, 39, 77, 246, 230, 80, 54, 219, 173, 117, 93, 140, 53, 127, 29, 158, 77, 101, 34, 34, 135, 4, 192, 9, 58, 16, 8, 177, 131, 99, 195, 211, 109, 56, 128, 236, 76, 165, 15, 247, 207, 183, 172, 109, 102, 39, 91, 106, 244, 99, 176, 139]
2020-07-20 20:23:42,853 [DEBUG] Sending IPv6 packet to 2001:2002:3032:249d:c5ea:ce81:667f:949c
2020-07-20 20:23:43,807 [INFO] Got packet on TUN interface 104 bytes
2020-07-20 20:23:43,808 [INFO] Source 2001:2002:3032:249d:c5ea:ce81:667f:949c 
2020-07-20 20:23:43,808 [INFO] Destination 2001:2002:8144:7565:f501:74df:396a:dc5c 
2020-07-20 20:23:43,808 [INFO] Version 6 
2020-07-20 20:23:43,809 [INFO] Traffic class 0 
2020-07-20 20:23:43,809 [INFO] Flow label 485092 
2020-07-20 20:23:43,809 [INFO] Packet length 64 
2020-07-20 20:23:43,809 [INFO] Next header 58 
2020-07-20 20:23:43,809 [INFO] Hop limit 64
2020-07-20 20:23:43,810 [DEBUG] Sending IPSEC packet...
2020-07-20 20:23:43,810 [DEBUG] HMAC key
2020-07-20 20:23:43,810 [DEBUG] bytearray(b'\x98\xb2\x81\xb4\x0b\xce\xc9\xacB\x81\x8a\xf4\x05\x9b\xecb\x02\xf9\xbe\xbf\x83e\xceP\xaap\x12\xeep\x00,p\xda\x12\xd8\xac\x06D\x17|p\xd2~\x03~\xda\x96d')
2020-07-20 20:23:43,810 [DEBUG] Cipher key
2020-07-20 20:23:43,811 [DEBUG] bytearray(b'\xc8\xd65\xa3gA\xef\x00\x9f+\xe0\xeb\x95\x80i5\xb8\x98;Sb\xf1\xec\xa2\xc8y=[\xbb\x97\xa9\x04')
2020-07-20 20:23:43,811 [DEBUG] IV
2020-07-20 20:23:43,811 [DEBUG] [85, 234, 168, 204, 101, 99, 224, 9, 112, 206, 103, 250, 211, 22, 136, 196]
2020-07-20 20:23:43,811 [DEBUG] Length of the padded data 80
2020-07-20 20:23:43,812 [DEBUG] Padded data
2020-07-20 20:23:43,812 [DEBUG] [85, 234, 168, 204, 101, 99, 224, 9, 112, 206, 103, 250, 211, 22, 136, 196, 49, 20, 85, 150, 222, 173, 73, 226, 95, 190, 67, 216, 187, 155, 195, 65, 106, 161, 206, 255, 89, 20, 85, 151, 107, 224, 0, 217, 81, 248, 46, 191, 134, 221, 54, 47, 150, 193, 77, 1, 82, 218, 222, 132, 234, 237, 207, 73, 207, 77, 217, 193, 174, 150, 85, 195, 220, 0, 7, 25, 38, 150, 149, 137, 222, 3, 136, 229, 63, 129, 28, 27, 149, 171, 243, 35, 116, 217, 51, 132]
2020-07-20 20:23:43,812 [DEBUG] [49, 20, 85, 150, 222, 173, 73, 226, 95, 190, 67, 216, 187, 155, 195, 65, 106, 161, 206, 255, 89, 20, 85, 151, 107, 224, 0, 217, 81, 248, 46, 191, 134, 221, 54, 47, 150, 193, 77, 1, 82, 218, 222, 132, 234, 237, 207, 73, 207, 77, 217, 193, 174, 150, 85, 195, 220, 0, 7, 25, 38, 150, 149, 137, 222, 3, 136, 229, 63, 129, 28, 27, 149, 171, 243, 35, 116, 217, 51, 132]
2020-07-20 20:23:43,813 [DEBUG] Encrypted padded data
2020-07-20 20:23:43,813 [DEBUG] [128, 0, 76, 231, 84, 166, 0, 11, 255, 182, 21, 95, 0, 0, 0, 0, 35, 83, 12, 0, 0, 0, 0, 0, 16, 17, 18, 19, 20, 21, 22, 23, 24, 25, 26, 27, 28, 29, 30, 31, 32, 33, 34, 35, 36, 37, 38, 39, 40, 41, 42, 43, 44, 45, 46, 47, 48, 49, 50, 51, 52, 53, 54, 55, 1, 2, 3, 4, 5, 6, 7, 8, 9, 10, 11, 12, 13, 14, 14, 58]
2020-07-20 20:23:43,813 [DEBUG] Calculating ICV over IPSec packet
2020-07-20 20:23:43,813 [DEBUG] [119, 53, 210, 27, 0, 0, 0, 5, 85, 234, 168, 204, 101, 99, 224, 9, 112, 206, 103, 250, 211, 22, 136, 196, 49, 20, 85, 150, 222, 173, 73, 226, 95, 190, 67, 216, 187, 155, 195, 65, 106, 161, 206, 255, 89, 20, 85, 151, 107, 224, 0, 217, 81, 248, 46, 191, 134, 221, 54, 47, 150, 193, 77, 1, 82, 218, 222, 132, 234, 237, 207, 73, 207, 77, 217, 193, 174, 150, 85, 195, 220, 0, 7, 25, 38, 150, 149, 137, 222, 3, 136, 229, 63, 129, 28, 27, 149, 171, 243, 35, 116, 217, 51, 132]
2020-07-20 20:23:43,814 [DEBUG] Sending IPSEC packet to 192.168.0.101 172 bytes
2020-07-20 20:23:43,852 [DEBUG] Got packet from 192.168.0.101 to 192.168.0.121 of 172 bytes
2020-07-20 20:23:43,852 [DEBUG] HMAC key
2020-07-20 20:23:43,853 [DEBUG] bytearray(b'\xb2B|+\x02\xaf\x07\xd1\xbeV9X\x80\xdf\xb7\x0f\xc0\xdb\xbb(\xec\xbd\\\xb9\x1fs\x91@0v5\xd77\xda\x80?e\x0f/\xdc\xe1S;f\x8fI\x84\xbb')
2020-07-20 20:23:43,853 [DEBUG] Cipher key
2020-07-20 20:23:43,853 [DEBUG] bytearray(b']3\xb5\x99U\xbcV\x13\xaa\x9e\x1a\x87\xd0\xdf?\xbdd\xdc\xb6k\x0f\xe8+\xba\x8e\x8c\x7f6\x06\xb0\x1aX')
2020-07-20 20:23:43,853 [DEBUG] Calculating ICV over IPSec packet
2020-07-20 20:23:43,853 [DEBUG] [32, 130, 18, 23, 0, 0, 0, 5, 89, 71, 216, 18, 204, 205, 181, 158, 26, 186, 17, 85, 217, 41, 126, 218, 113, 230, 87, 73, 155, 60, 170, 27, 127, 166, 160, 76, 140, 184, 196, 119, 32, 246, 62, 201, 81, 94, 116, 52, 200, 61, 94, 196, 180, 15, 173, 234, 236, 146, 150, 90, 254, 130, 198, 24, 161, 176, 176, 59, 202, 186, 109, 165, 22, 246, 209, 82, 150, 12, 90, 190, 223, 127, 99, 122, 47, 110, 113, 156, 24, 203, 148, 116, 213, 235, 150, 213, 78, 234, 219, 12, 243, 173, 174, 168]
2020-07-20 20:23:43,853 [DEBUG] Encrypted padded data
2020-07-20 20:23:43,853 [DEBUG] [89, 71, 216, 18, 204, 205, 181, 158, 26, 186, 17, 85, 217, 41, 126, 218, 113, 230, 87, 73, 155, 60, 170, 27, 127, 166, 160, 76, 140, 184, 196, 119, 32, 246, 62, 201, 81, 94, 116, 52, 200, 61, 94, 196, 180, 15, 173, 234, 236, 146, 150, 90, 254, 130, 198, 24, 161, 176, 176, 59, 202, 186, 109, 165, 22, 246, 209, 82, 150, 12, 90, 190, 223, 127, 99, 122, 47, 110, 113, 156, 24, 203, 148, 116, 213, 235, 150, 213, 78, 234, 219, 12, 243, 173, 174, 168]
2020-07-20 20:23:43,854 [DEBUG] IV
2020-07-20 20:23:43,854 [DEBUG] [89, 71, 216, 18, 204, 205, 181, 158, 26, 186, 17, 85, 217, 41, 126, 218]
2020-07-20 20:23:43,854 [DEBUG] Padded data
2020-07-20 20:23:43,854 [DEBUG] [113, 230, 87, 73, 155, 60, 170, 27, 127, 166, 160, 76, 140, 184, 196, 119, 32, 246, 62, 201, 81, 94, 116, 52, 200, 61, 94, 196, 180, 15, 173, 234, 236, 146, 150, 90, 254, 130, 198, 24, 161, 176, 176, 59, 202, 186, 109, 165, 22, 246, 209, 82, 150, 12, 90, 190, 223, 127, 99, 122, 47, 110, 113, 156, 24, 203, 148, 116, 213, 235, 150, 213, 78, 234, 219, 12, 243, 173, 174, 168]
2020-07-20 20:23:43,854 [DEBUG] Sending IPv6 packet to 2001:2002:3032:249d:c5ea:ce81:667f:949c
